2020-06-04 12:24:46,112 INFO  [log] beccf3b7dbb15f966fcdf2b58bb727b3
2020-06-04 12:24:46,453 INFO  [log] 45adda6041f28d62943e84165b7ee38a
2020-06-16 08:57:17,733 INFO  [log] {"success":1,"error":[],"data":{"access_token":"237c6af0b344f8cdf3c28f8602b6ec6fe580ccf8","expires_in":86400,"token_type":"Bearer"}}
2020-06-16 08:57:17,781 INFO  [log] 237c6af0b344f8cdf3c28f8602b6ec6fe580ccf8
2020-06-16 08:57:18,227 INFO  [log] {"success":1,"error":[],"data":{"user_id":"1","user_group_id":"1","username":"upskills_admin","firstname":"John","lastname":"Doe","email":"probitstechnologies@gmail.com","image":"","ip":"103.112.18.221","status":"1","date_added":"2019-11-11 07:59:33","user_group":"Administrator"}}
2020-06-16 08:57:18,238 INFO  [log] 1
2020-06-16 08:57:18,977 INFO  [log] {"success":0,"error":["Unauthorized"],"data":[]}
2020-06-16 08:57:18,978 INFO  [log] 0
2020-06-16 08:57:19,572 INFO  [log] {"success":1,"error":[],"data":{"id":812}}
2020-06-16 08:57:19,573 INFO  [log] 1
2020-06-16 08:57:19,653 INFO  [log] [OCSESSID=5a43f3f6aaa1d671e03cf7f186; path=/, language=en-gb; expires=Thu, 16-Jul-2020 03:27:19 GMT; Max-Age=2592000; path=/; domain=rest-api.upskills.in, currency=INR; expires=Thu, 16-Jul-2020 03:27:19 GMT; Max-Age=2592000; path=/; domain=rest-api.upskills.in]
2020-06-16 08:57:19,712 INFO  [log] 812
2020-06-16 08:57:19,712 INFO  [log] 1
2020-06-16 08:57:19,715 INFO  [log] []
2020-06-16 08:57:19,720 INFO  [log] 812
2020-06-16 08:57:19,722 INFO  [log] 812
2020-06-16 08:57:20,052 INFO  [log] {"success":1,"error":[],"data":{"store_id":0,"customer_id":812,"customer_group_id":1,"firstname":"Anusha279.7","lastname":"Usererd","telephone":"1-541-754-3010","email":"Anusha671.9@gmail.com","newsletter":0,"status":1,"approved":"","safe":0,"date_added":"16\/06\/2020","addresses":[],"affiliate":[],"account_custom_field":[],"custom_fields":[],"reward_points":0,"transaction_total":"?0.00"}}
2020-06-16 08:57:20,059 INFO  [log] 1
2020-06-16 08:57:21,386 INFO  [log] [242, 396, 400, 534, 535, 537, 322, 574, 674, 692, 725, 675, 812, 659, 687, 546, 658, 576, 682, 669, 688, 668, 656, 665, 693, 572, 672, 678, 681, 661, 670, 667, 676, 578, 660, 563, 679, 579, 657, 548, 545, 577, 683, 662, 677, 664, 673, 663, 671, 684, 686, 691, 680, 551, 666, 547, 567, 573, 279, 280, 281, 282, 283, 780, 550, 786, 735, 732, 562, 789, 784, 782, 694, 731, 791, 736, 787, 783, 730, 785, 497, 788, 790, 737, 781, 696, 552, 695, 738, 729, 127, 91, 95, 101, 111, 67, 69, 73, 129, 138]
2020-06-16 08:57:22,890 INFO  [log] {"success":1,"error":[],"data":{"id":813}}
2020-06-16 08:57:22,891 INFO  [log] 813
2020-06-16 08:57:22,914 INFO  [log] [OCSESSID=d0ceab7f52985998c66dc0bfd9; path=/, language=en-gb; expires=Thu, 16-Jul-2020 03:27:22 GMT; Max-Age=2592000; path=/; domain=rest-api.upskills.in, currency=INR; expires=Thu, 16-Jul-2020 03:27:22 GMT; Max-Age=2592000; path=/; domain=rest-api.upskills.in]
2020-06-16 08:57:22,976 INFO  [log] 813
2020-06-16 08:57:22,976 INFO  [log] 1
2020-06-16 08:57:22,979 INFO  [log] []
2020-06-16 08:57:22,983 INFO  [log] 813
2020-06-16 08:57:23,326 INFO  [log] [242, 396, 400, 534, 535, 537]
2020-06-16 09:00:44,586 INFO  [log] {"success":1,"error":[],"data":{"access_token":"deb57662236d8f016722cb13d8790e6605654fde","expires_in":86400,"token_type":"Bearer"}}
2020-06-16 09:00:44,616 INFO  [log] deb57662236d8f016722cb13d8790e6605654fde
2020-06-16 09:00:45,101 INFO  [log] {"success":1,"error":[],"data":{"user_id":"1","user_group_id":"1","username":"upskills_admin","firstname":"John","lastname":"Doe","email":"probitstechnologies@gmail.com","image":"","ip":"14.194.231.186","status":"1","date_added":"2019-11-11 07:59:33","user_group":"Administrator"}}
2020-06-16 09:00:45,104 INFO  [log] 1
2020-06-16 09:00:45,791 INFO  [log] {"success":0,"error":["Unauthorized"],"data":[]}
2020-06-16 09:00:45,791 INFO  [log] 0
2020-06-16 09:00:46,325 INFO  [log] {"success":1,"error":[],"data":{"id":814}}
2020-06-16 09:00:46,326 INFO  [log] 1
2020-06-16 09:00:46,368 INFO  [log] [OCSESSID=ee5c1e842ce04958361d76a6cb; path=/, language=en-gb; expires=Thu, 16-Jul-2020 03:30:45 GMT; Max-Age=2592000; path=/; domain=rest-api.upskills.in, currency=INR; expires=Thu, 16-Jul-2020 03:30:45 GMT; Max-Age=2592000; path=/; domain=rest-api.upskills.in]
2020-06-16 09:00:46,408 INFO  [log] 814
2020-06-16 09:00:46,408 INFO  [log] 1
2020-06-16 09:00:46,410 INFO  [log] []
2020-06-16 09:00:46,415 INFO  [log] 814
2020-06-16 09:00:46,417 INFO  [log] 814
2020-06-16 09:00:46,743 INFO  [log] {"success":1,"error":[],"data":{"store_id":0,"customer_id":814,"customer_group_id":1,"firstname":"Anusha278.1","lastname":"Usererd","telephone":"1-541-754-3010","email":"Anusha770.1@gmail.com","newsletter":0,"status":1,"approved":"","safe":0,"date_added":"16\/06\/2020","addresses":[],"affiliate":[],"account_custom_field":[],"custom_fields":[],"reward_points":0,"transaction_total":"?0.00"}}
2020-06-16 09:00:46,750 INFO  [log] 1
2020-06-16 09:00:47,763 INFO  [log] [242, 396, 400, 534, 535, 537, 322, 574, 674, 692, 725, 675, 814, 659, 687, 546, 658, 576, 682, 669, 688, 668, 656, 665, 693, 572, 672, 678, 681, 661, 670, 667, 676, 578, 660, 563, 679, 579, 657, 548, 545, 577, 683, 662, 677, 664, 673, 663, 671, 684, 686, 691, 680, 551, 666, 547, 567, 573, 279, 280, 281, 282, 283, 780, 550, 786, 735, 732, 562, 789, 784, 782, 694, 731, 791, 736, 787, 783, 730, 785, 497, 788, 790, 737, 781, 696, 552, 695, 738, 729, 127, 91, 95, 101, 111, 67, 69, 73, 129, 138]
2020-06-16 09:00:48,979 INFO  [log] {"success":1,"error":[],"data":{"id":815}}
2020-06-16 09:00:48,980 INFO  [log] 815
2020-06-16 09:00:48,994 INFO  [log] [OCSESSID=a242fdb8eafb94aba30ea90c3d; path=/, language=en-gb; expires=Thu, 16-Jul-2020 03:30:48 GMT; Max-Age=2592000; path=/; domain=rest-api.upskills.in, currency=INR; expires=Thu, 16-Jul-2020 03:30:48 GMT; Max-Age=2592000; path=/; domain=rest-api.upskills.in]
2020-06-16 09:00:49,038 INFO  [log] 815
2020-06-16 09:00:49,039 INFO  [log] 1
2020-06-16 09:00:49,041 INFO  [log] []
2020-06-16 09:00:49,045 INFO  [log] 815
2020-06-16 09:00:49,497 INFO  [log] [242, 396, 400, 534, 535, 537]
2020-06-16 09:01:18,944 INFO  [log] {"success":1,"error":[],"data":{"access_token":"33e308e6435f281273ccbed4abc962037c0e1980","expires_in":86400,"token_type":"Bearer"}}
2020-06-16 09:01:18,975 INFO  [log] 33e308e6435f281273ccbed4abc962037c0e1980
2020-06-16 09:01:19,401 INFO  [log] {"success":1,"error":[],"data":{"user_id":"1","user_group_id":"1","username":"upskills_admin","firstname":"John","lastname":"Doe","email":"probitstechnologies@gmail.com","image":"","ip":"14.194.231.186","status":"1","date_added":"2019-11-11 07:59:33","user_group":"Administrator"}}
2020-06-16 09:01:19,408 INFO  [log] 1
2020-06-16 09:01:20,093 INFO  [log] {"success":0,"error":["Unauthorized"],"data":[]}
2020-06-16 09:01:20,093 INFO  [log] 0
2020-06-16 09:01:20,639 INFO  [log] {"success":1,"error":[],"data":{"id":816}}
2020-06-16 09:01:20,639 INFO  [log] 1
2020-06-16 09:01:20,681 INFO  [log] [OCSESSID=5b3422e9c896808d01a16d971b; path=/, language=en-gb; expires=Thu, 16-Jul-2020 03:31:20 GMT; Max-Age=2592000; path=/; domain=rest-api.upskills.in, currency=INR; expires=Thu, 16-Jul-2020 03:31:20 GMT; Max-Age=2592000; path=/; domain=rest-api.upskills.in]
2020-06-16 09:01:20,713 INFO  [log] 816
2020-06-16 09:01:20,713 INFO  [log] 1
2020-06-16 09:01:20,716 INFO  [log] []
2020-06-16 09:01:20,720 INFO  [log] 816
2020-06-16 09:01:20,722 INFO  [log] 816
2020-06-16 09:01:21,144 INFO  [log] {"success":1,"error":[],"data":{"store_id":0,"customer_id":816,"customer_group_id":1,"firstname":"Anusha345.8","lastname":"Usererd","telephone":"1-541-754-3010","email":"Anusha978.8@gmail.com","newsletter":0,"status":1,"approved":"","safe":0,"date_added":"16\/06\/2020","addresses":[],"affiliate":[],"account_custom_field":[],"custom_fields":[],"reward_points":0,"transaction_total":"?0.00"}}
2020-06-16 09:01:21,153 INFO  [log] 1
2020-06-16 09:01:22,362 INFO  [log] [242, 396, 400, 534, 535, 537, 322, 574, 674, 692, 725, 675, 659, 687, 546, 816, 658, 576, 682, 669, 688, 668, 656, 665, 693, 572, 672, 678, 681, 661, 670, 667, 676, 578, 660, 563, 679, 579, 657, 548, 545, 577, 683, 662, 677, 664, 673, 663, 671, 684, 686, 691, 680, 551, 666, 547, 567, 573, 279, 280, 281, 282, 283, 780, 550, 786, 735, 732, 562, 789, 784, 782, 694, 731, 791, 736, 787, 783, 730, 785, 497, 788, 790, 737, 781, 696, 552, 695, 738, 729, 127, 91, 95, 101, 111, 67, 69, 73, 129, 138]
2020-06-16 09:01:23,797 INFO  [log] {"success":1,"error":[],"data":{"id":817}}
2020-06-16 09:01:23,797 INFO  [log] 817
2020-06-16 09:01:23,810 INFO  [log] [OCSESSID=17d84b49425c26b0b1873ff9a6; path=/, language=en-gb; expires=Thu, 16-Jul-2020 03:31:22 GMT; Max-Age=2592000; path=/; domain=rest-api.upskills.in, currency=INR; expires=Thu, 16-Jul-2020 03:31:22 GMT; Max-Age=2592000; path=/; domain=rest-api.upskills.in]
2020-06-16 09:01:23,843 INFO  [log] 817
2020-06-16 09:01:23,843 INFO  [log] 1
2020-06-16 09:01:23,845 INFO  [log] []
2020-06-16 09:01:23,846 INFO  [log] 817
2020-06-16 09:01:24,213 INFO  [log] [242, 396, 400, 534, 535, 537]
2020-06-16 09:02:15,098 INFO  [log] {"success":1,"error":[],"data":{"access_token":"69582ec21896cb85bf217ffdce7ace7880e65044","expires_in":86400,"token_type":"Bearer"}}
2020-06-16 09:02:15,130 INFO  [log] 69582ec21896cb85bf217ffdce7ace7880e65044
2020-06-16 09:02:15,633 INFO  [log] {"success":1,"error":[],"data":{"user_id":"1","user_group_id":"1","username":"upskills_admin","firstname":"John","lastname":"Doe","email":"probitstechnologies@gmail.com","image":"","ip":"14.194.231.186","status":"1","date_added":"2019-11-11 07:59:33","user_group":"Administrator"}}
2020-06-16 09:02:15,638 INFO  [log] 1
2020-06-16 09:02:16,343 INFO  [log] {"success":0,"error":["Unauthorized"],"data":[]}
2020-06-16 09:02:16,343 INFO  [log] 0
2020-06-16 09:02:16,940 INFO  [log] {"success":1,"error":[],"data":{"id":818}}
2020-06-16 09:02:16,941 INFO  [log] 1
2020-06-16 09:02:16,988 INFO  [log] [OCSESSID=14fb2abfa76f6a5a637579d600; path=/, language=en-gb; expires=Thu, 16-Jul-2020 03:32:16 GMT; Max-Age=2592000; path=/; domain=rest-api.upskills.in, currency=INR; expires=Thu, 16-Jul-2020 03:32:16 GMT; Max-Age=2592000; path=/; domain=rest-api.upskills.in]
2020-06-16 09:02:17,020 INFO  [log] 818
2020-06-16 09:02:17,021 INFO  [log] 1
2020-06-16 09:02:17,024 INFO  [log] []
2020-06-16 09:02:17,033 INFO  [log] 818
2020-06-16 09:02:17,041 INFO  [log] 818
2020-06-16 09:02:17,442 INFO  [log] {"success":1,"error":[],"data":{"store_id":0,"customer_id":818,"customer_group_id":1,"firstname":"Anusha727.2","lastname":"Usererd","telephone":"1-541-754-3010","email":"Anusha699.8@gmail.com","newsletter":0,"status":1,"approved":"","safe":0,"date_added":"16\/06\/2020","addresses":[],"affiliate":[],"account_custom_field":[],"custom_fields":[],"reward_points":0,"transaction_total":"?0.00"}}
2020-06-16 09:02:17,446 INFO  [log] 1
2020-06-16 09:02:18,471 INFO  [log] [242, 396, 400, 534, 535, 537, 322, 574, 674, 692, 725, 675, 659, 687, 546, 658, 576, 682, 669, 688, 668, 656, 665, 693, 572, 672, 678, 681, 661, 670, 667, 676, 578, 660, 563, 679, 579, 657, 548, 545, 577, 683, 662, 677, 818, 664, 673, 663, 671, 684, 686, 691, 680, 551, 666, 547, 567, 573, 279, 280, 281, 282, 283, 780, 550, 786, 735, 732, 562, 789, 784, 782, 694, 731, 791, 736, 787, 783, 730, 785, 497, 788, 790, 737, 781, 696, 552, 695, 738, 729, 127, 91, 95, 101, 111, 67, 69, 73, 129, 138]
2020-06-16 09:02:19,622 INFO  [log] {"success":1,"error":[],"data":{"id":819}}
2020-06-16 09:02:19,623 INFO  [log] 819
2020-06-16 09:02:19,663 INFO  [log] [OCSESSID=6bbde518b1a52e8fe90921dbc3; path=/, language=en-gb; expires=Thu, 16-Jul-2020 03:32:19 GMT; Max-Age=2592000; path=/; domain=rest-api.upskills.in, currency=INR; expires=Thu, 16-Jul-2020 03:32:19 GMT; Max-Age=2592000; path=/; domain=rest-api.upskills.in]
2020-06-16 09:02:19,773 INFO  [log] 819
2020-06-16 09:02:19,773 INFO  [log] 1
2020-06-16 09:02:19,782 INFO  [log] []
2020-06-16 09:02:19,782 INFO  [log] 819
2020-06-16 09:02:20,118 INFO  [log] [242, 396, 400, 534, 535, 537]
2020-06-16 09:03:25,739 INFO  [log] {"success":1,"error":[],"data":{"access_token":"1272f4065d6d3455677002397bfe86098b721b4b","expires_in":86400,"token_type":"Bearer"}}
2020-06-16 09:03:25,789 INFO  [log] 1272f4065d6d3455677002397bfe86098b721b4b
2020-06-16 09:03:26,234 INFO  [log] {"success":1,"error":[],"data":{"user_id":"1","user_group_id":"1","username":"upskills_admin","firstname":"John","lastname":"Doe","email":"probitstechnologies@gmail.com","image":"","ip":"14.194.231.186","status":"1","date_added":"2019-11-11 07:59:33","user_group":"Administrator"}}
2020-06-16 09:03:26,237 INFO  [log] 1
2020-06-16 09:03:27,085 INFO  [log] {"success":0,"error":["Unauthorized"],"data":[]}
2020-06-16 09:03:27,085 INFO  [log] 0
2020-06-16 09:03:27,564 INFO  [log] {"success":1,"error":[],"data":{"id":820}}
2020-06-16 09:03:27,565 INFO  [log] 1
2020-06-16 09:03:27,618 INFO  [log] [OCSESSID=d902506dcd57e48aeaa9a6fa7d; path=/, language=en-gb; expires=Thu, 16-Jul-2020 03:33:27 GMT; Max-Age=2592000; path=/; domain=rest-api.upskills.in, currency=INR; expires=Thu, 16-Jul-2020 03:33:27 GMT; Max-Age=2592000; path=/; domain=rest-api.upskills.in]
2020-06-16 09:03:27,654 INFO  [log] 820
2020-06-16 09:03:27,655 INFO  [log] 1
2020-06-16 09:03:27,658 INFO  [log] []
2020-06-16 09:03:27,665 INFO  [log] 820
2020-06-16 09:03:27,674 INFO  [log] 820
2020-06-16 09:03:28,113 INFO  [log] {"success":1,"error":[],"data":{"store_id":0,"customer_id":820,"customer_group_id":1,"firstname":"Anusha413.5","lastname":"Usererd","telephone":"1-541-754-3010","email":"Anusha2.790@gmail.com","newsletter":0,"status":1,"approved":"","safe":0,"date_added":"16\/06\/2020","addresses":[],"affiliate":[],"account_custom_field":[],"custom_fields":[],"reward_points":0,"transaction_total":"?0.00"}}
2020-06-16 09:03:28,116 INFO  [log] 1
2020-06-16 09:03:29,090 INFO  [log] [242, 396, 400, 534, 535, 537, 322, 574, 674, 692, 725, 675, 659, 687, 546, 658, 576, 682, 669, 688, 668, 656, 665, 693, 820, 572, 672, 678, 681, 661, 670, 667, 676, 578, 660, 563, 679, 579, 657, 548, 545, 577, 683, 662, 677, 664, 673, 663, 671, 684, 686, 691, 680, 551, 666, 547, 567, 573, 279, 280, 281, 282, 283, 780, 550, 786, 735, 732, 562, 789, 784, 782, 694, 731, 791, 736, 787, 783, 730, 785, 497, 788, 790, 737, 781, 696, 552, 695, 738, 729, 127, 91, 95, 101, 111, 67, 69, 73, 129, 138]
2020-06-16 09:03:30,281 INFO  [log] {"success":1,"error":[],"data":{"id":821}}
2020-06-16 09:03:30,283 INFO  [log] 821
2020-06-16 09:03:30,324 INFO  [log] [OCSESSID=f7f5c5529c261f774154d51317; path=/, language=en-gb; expires=Thu, 16-Jul-2020 03:33:29 GMT; Max-Age=2592000; path=/; domain=rest-api.upskills.in, currency=INR; expires=Thu, 16-Jul-2020 03:33:29 GMT; Max-Age=2592000; path=/; domain=rest-api.upskills.in]
2020-06-16 09:03:30,360 INFO  [log] 821
2020-06-16 09:03:30,360 INFO  [log] 1
2020-06-16 09:03:30,364 INFO  [log] []
2020-06-16 09:03:30,368 INFO  [log] 821
2020-06-16 09:03:30,768 INFO  [log] [242, 396, 400, 534, 535, 537]
2020-06-16 09:07:33,477 INFO  [log] {"success":1,"error":[],"data":{"access_token":"2004c73310e35b6f238c449397ff25d2ac75200c","expires_in":86400,"token_type":"Bearer"}}
2020-06-16 09:07:33,505 INFO  [log] 2004c73310e35b6f238c449397ff25d2ac75200c
2020-06-16 09:07:33,995 INFO  [log] {"success":1,"error":[],"data":{"user_id":"1","user_group_id":"1","username":"upskills_admin","firstname":"John","lastname":"Doe","email":"probitstechnologies@gmail.com","image":"","ip":"14.194.231.186","status":"1","date_added":"2019-11-11 07:59:33","user_group":"Administrator"}}
2020-06-16 09:07:33,998 INFO  [log] 1
2020-06-16 09:07:34,792 INFO  [log] {"success":0,"error":["Unauthorized"],"data":[]}
2020-06-16 09:07:34,794 INFO  [log] 0
2020-06-16 09:07:35,281 INFO  [log] {"success":1,"error":[],"data":{"id":826}}
2020-06-16 09:07:35,282 INFO  [log] 1
2020-06-16 09:07:35,349 INFO  [log] [OCSESSID=fca83a0b049fd5ce70c9376ff3; path=/, language=en-gb; expires=Thu, 16-Jul-2020 03:37:34 GMT; Max-Age=2592000; path=/; domain=rest-api.upskills.in, currency=INR; expires=Thu, 16-Jul-2020 03:37:34 GMT; Max-Age=2592000; path=/; domain=rest-api.upskills.in]
2020-06-16 09:07:35,384 INFO  [log] 826
2020-06-16 09:07:35,384 INFO  [log] 1
2020-06-16 09:07:35,387 INFO  [log] []
2020-06-16 09:07:35,391 INFO  [log] 826
2020-06-16 09:07:35,395 INFO  [log] 826
2020-06-16 09:07:35,826 INFO  [log] {"success":1,"error":[],"data":{"store_id":0,"customer_id":826,"customer_group_id":1,"firstname":"Anusha676.8","lastname":"Usererd","telephone":"1-541-754-3010","email":"Anusha641.0@gmail.com","newsletter":0,"status":1,"approved":"","safe":0,"date_added":"16\/06\/2020","addresses":[],"affiliate":[],"account_custom_field":[],"custom_fields":[],"reward_points":0,"transaction_total":"?0.00"}}
2020-06-16 09:07:35,828 INFO  [log] 1
2020-06-16 09:07:37,046 INFO  [log] [242, 396, 400, 534, 535, 537, 322, 574, 674, 692, 725, 675, 659, 687, 546, 658, 576, 682, 669, 688, 668, 656, 665, 693, 572, 672, 678, 681, 661, 670, 667, 676, 578, 660, 563, 679, 579, 657, 548, 826, 545, 577, 683, 662, 677, 664, 673, 663, 671, 684, 686, 691, 680, 551, 666, 547, 567, 573, 279, 280, 281, 282, 283, 780, 550, 786, 735, 732, 562, 789, 784, 782, 694, 731, 791, 736, 787, 783, 730, 785, 497, 788, 790, 737, 781, 696, 552, 695, 738, 729, 127, 91, 95, 101, 111, 67, 69, 73, 129, 138]
2020-06-16 09:07:38,389 INFO  [log] {"success":1,"error":[],"data":{"id":827}}
2020-06-16 09:07:38,390 INFO  [log] 827
2020-06-16 09:07:38,414 INFO  [log] [OCSESSID=c83830e67d7b07b6c9f617639b; path=/, language=en-gb; expires=Thu, 16-Jul-2020 03:37:37 GMT; Max-Age=2592000; path=/; domain=rest-api.upskills.in, currency=INR; expires=Thu, 16-Jul-2020 03:37:37 GMT; Max-Age=2592000; path=/; domain=rest-api.upskills.in]
2020-06-16 09:07:38,466 INFO  [log] 827
2020-06-16 09:07:38,467 INFO  [log] 1
2020-06-16 09:07:38,471 INFO  [log] []
2020-06-16 09:07:38,476 INFO  [log] 827
2020-06-16 09:07:38,876 INFO  [log] [242, 396, 400, 534, 535, 537]
2020-06-16 09:12:10,892 INFO  [log] {"success":1,"error":[],"data":{"access_token":"a4b099ab37ac964dffe894abcf83d5819b350f2d","expires_in":86400,"token_type":"Bearer"}}
2020-06-16 09:12:10,920 INFO  [log] a4b099ab37ac964dffe894abcf83d5819b350f2d
2020-06-16 09:12:12,104 INFO  [log] {"success":1,"error":[],"data":{"user_id":"1","user_group_id":"1","username":"upskills_admin","firstname":"John","lastname":"Doe","email":"probitstechnologies@gmail.com","image":"","ip":"14.194.231.186","status":"1","date_added":"2019-11-11 07:59:33","user_group":"Administrator"}}
2020-06-16 09:12:12,106 INFO  [log] 1
2020-06-16 09:12:12,825 INFO  [log] {"success":0,"error":["Unauthorized"],"data":[]}
2020-06-16 09:12:12,826 INFO  [log] 0
2020-06-16 09:12:13,312 INFO  [log] {"success":1,"error":[],"data":{"id":828}}
2020-06-16 09:12:13,313 INFO  [log] 1
2020-06-16 09:12:13,359 INFO  [log] [OCSESSID=4dcba5ddb3eff642ca922be6f0; path=/, language=en-gb; expires=Thu, 16-Jul-2020 03:42:12 GMT; Max-Age=2592000; path=/; domain=rest-api.upskills.in, currency=INR; expires=Thu, 16-Jul-2020 03:42:12 GMT; Max-Age=2592000; path=/; domain=rest-api.upskills.in]
2020-06-16 09:12:13,392 INFO  [log] 828
2020-06-16 09:12:13,392 INFO  [log] 1
2020-06-16 09:12:13,394 INFO  [log] []
2020-06-16 09:12:13,399 INFO  [log] 828
2020-06-16 09:12:13,405 INFO  [log] 828
2020-06-16 09:12:13,842 INFO  [log] {"success":1,"error":[],"data":{"store_id":0,"customer_id":828,"customer_group_id":1,"firstname":"Anusha270.8","lastname":"Usererd","telephone":"1-541-754-3010","email":"Anusha109.1@gmail.com","newsletter":0,"status":1,"approved":"","safe":0,"date_added":"16\/06\/2020","addresses":[],"affiliate":[],"account_custom_field":[],"custom_fields":[],"reward_points":0,"transaction_total":"?0.00"}}
2020-06-16 09:12:13,846 INFO  [log] 1
2020-06-16 09:12:15,439 INFO  [log] [242, 396, 400, 534, 535, 537, 322, 574, 674, 692, 725, 675, 828, 659, 687, 546, 658, 576, 682, 669, 688, 668, 656, 665, 693, 572, 672, 678, 681, 661, 670, 667, 676, 578, 660, 563, 679, 579, 657, 548, 545, 577, 683, 662, 677, 664, 673, 663, 671, 684, 686, 691, 680, 551, 666, 547, 567, 573, 279, 280, 281, 282, 283, 780, 550, 786, 735, 732, 562, 789, 784, 782, 694, 731, 791, 736, 787, 783, 730, 785, 497, 788, 790, 737, 781, 696, 552, 695, 738, 729, 127, 91, 95, 101, 111, 67, 69, 73, 129, 138]
2020-06-16 09:12:16,457 INFO  [log] {"success":1,"error":[],"data":{"id":829}}
2020-06-16 09:12:16,458 INFO  [log] 829
2020-06-16 09:12:16,475 INFO  [log] [OCSESSID=b4a83a809afbbd303343236f22; path=/, language=en-gb; expires=Thu, 16-Jul-2020 03:42:16 GMT; Max-Age=2592000; path=/; domain=rest-api.upskills.in, currency=INR; expires=Thu, 16-Jul-2020 03:42:16 GMT; Max-Age=2592000; path=/; domain=rest-api.upskills.in]
2020-06-16 09:12:16,529 INFO  [log] 829
2020-06-16 09:12:16,530 INFO  [log] 1
2020-06-16 09:12:16,535 INFO  [log] []
2020-06-16 09:12:16,541 INFO  [log] 829
2020-06-16 09:12:16,873 INFO  [log] [242, 396, 400, 534, 535, 537]
2020-06-16 09:17:13,893 INFO  [log] {"success":1,"error":[],"data":{"access_token":"2dabb82414add677b3ed692d3e58a2c792155000","expires_in":86400,"token_type":"Bearer"}}
2020-06-16 09:17:13,917 INFO  [log] 2dabb82414add677b3ed692d3e58a2c792155000
2020-06-16 09:17:14,383 INFO  [log] {"success":1,"error":[],"data":{"user_id":"1","user_group_id":"1","username":"upskills_admin","firstname":"John","lastname":"Doe","email":"probitstechnologies@gmail.com","image":"","ip":"14.194.231.186","status":"1","date_added":"2019-11-11 07:59:33","user_group":"Administrator"}}
2020-06-16 09:17:14,386 INFO  [log] 1
2020-06-16 09:17:15,298 INFO  [log] {"success":1,"error":[],"data":{"id":832}}
2020-06-16 09:17:15,299 INFO  [log] 1
2020-06-16 09:17:15,352 INFO  [log] [OCSESSID=6a3fe23fb652729585d1b1491c; path=/, language=en-gb; expires=Thu, 16-Jul-2020 03:47:14 GMT; Max-Age=2592000; path=/; domain=rest-api.upskills.in, currency=INR; expires=Thu, 16-Jul-2020 03:47:14 GMT; Max-Age=2592000; path=/; domain=rest-api.upskills.in]
2020-06-16 09:17:15,384 INFO  [log] 832
2020-06-16 09:17:15,384 INFO  [log] 1
2020-06-16 09:17:15,387 INFO  [log] []
2020-06-16 09:17:15,395 INFO  [log] 832
2020-06-16 09:17:15,403 INFO  [log] 832
2020-06-16 09:17:15,812 INFO  [log] {"success":1,"error":[],"data":{"store_id":0,"customer_id":832,"customer_group_id":1,"firstname":"Anusha590.3","lastname":"Usererd","telephone":"1-541-754-3010","email":"Anusha222.0@gmail.com","newsletter":0,"status":1,"approved":"","safe":0,"date_added":"16\/06\/2020","addresses":[],"affiliate":[],"account_custom_field":[],"custom_fields":[],"reward_points":0,"transaction_total":"?0.00"}}
2020-06-16 09:17:15,815 INFO  [log] 1
2020-06-16 09:17:16,739 INFO  [log] [242, 396, 400, 534, 535, 537, 322, 574, 674, 692, 725, 675, 659, 687, 546, 658, 576, 682, 669, 688, 668, 656, 665, 693, 572, 672, 678, 681, 661, 670, 667, 676, 578, 660, 563, 679, 832, 579, 657, 548, 545, 577, 683, 662, 677, 664, 673, 663, 671, 684, 686, 691, 680, 551, 666, 547, 567, 573, 279, 280, 281, 282, 283, 780, 550, 786, 735, 732, 562, 789, 784, 782, 694, 731, 791, 736, 787, 783, 730, 785, 497, 788, 790, 737, 781, 696, 552, 695, 738, 729, 127, 91, 95, 101, 111, 67, 69, 73, 129, 138]
2020-06-16 09:17:17,964 INFO  [log] {"success":1,"error":[],"data":{"id":833}}
2020-06-16 09:17:17,965 INFO  [log] 833
2020-06-16 09:17:17,981 INFO  [log] [OCSESSID=4bbbf5b113acf6b9ae651a4a42; path=/, language=en-gb; expires=Thu, 16-Jul-2020 03:47:17 GMT; Max-Age=2592000; path=/; domain=rest-api.upskills.in, currency=INR; expires=Thu, 16-Jul-2020 03:47:17 GMT; Max-Age=2592000; path=/; domain=rest-api.upskills.in]
2020-06-16 09:17:18,038 INFO  [log] 833
2020-06-16 09:17:18,038 INFO  [log] 1
2020-06-16 09:17:18,041 INFO  [log] []
2020-06-16 09:17:18,051 INFO  [log] 833
2020-06-16 09:17:18,458 INFO  [log] [242, 396, 400, 534, 535, 537]
